[2026-05-13 14:01:42,065][root][INFO] - 
ddp:
  master_addr: localhost
  master_port: 12345
  num_devices: 1
rlbench:
  task_name: debug_test
  tasks:
  - bimanual_pick_laptop
  demos: 20
  demo_path: /home/tappei-m/Project/AnyBimanual_data/rlbench2
  episode_length: 25
  cameras:
  - over_shoulder_right
  - wrist_right
  - front
  - overhead
  - over_shoulder_left
  - wrist_left
  camera_resolution:
  - 256
  - 256
  scene_bounds:
  - -0.3
  - -0.5
  - 0.6
  - 0.7
  - 0.5
  - 1.6
  include_lang_goal_in_obs: true
  instructions: /path
replay:
  batch_size: 1
  timesteps: 1
  prioritisation: false
  task_uniform: true
  use_disk: true
  path: /home/tappei-m/Project/AnyBimanual_replay
  max_parallel_processes: 32
  task_folder: multi
framework:
  log_freq: 1
  save_freq: 10
  train_envs: 1
  replay_ratio: ${replay.batch_size}
  transitions_before_train: 1
  tensorboard_logging: true
  csv_logging: true
  training_iterations: 5
  gpu: 0
  env_gpu: 0
  logdir: /home/tappei-m/Project/AnyBimanual_logs
  logging_level: 20
  seeds: 1
  start_seed: 0
  load_existing_weights: false
  num_weights_to_keep: 60
  num_workers: 0
  record_every_n: 5
  checkpoint_name_prefix: checkpoint
  use_wandb: false
  wandb_project: AnyBimanual
  wandb_group: debug_test
  seed: 0
  wandb_name: debug_test
  use_skill: true
  use_pretrained: false
  use_prefix: false
  frozen: ''
  anybimanual: true
  augmentation_type: ab
method:
  name: PERACT_BC
  agent_type: leader_follower
  robot_name: bimanual
  image_crop_size: 64
  bounds_offset:
  - 0.15
  voxel_sizes:
  - 100
  include_prev_layer: false
  num_latents: 2048
  latent_dim: 512
  transformer_depth: 6
  transformer_iterations: 1
  cross_heads: 1
  cross_dim_head: 64
  latent_heads: 8
  latent_dim_head: 64
  pos_encoding_with_lang: true
  conv_downsample: true
  lang_fusion_type: seq
  voxel_patch_size: 5
  voxel_patch_stride: 5
  final_dim: 64
  low_dim_size: 4
  input_dropout: 0.1
  attn_dropout: 0.1
  decoder_dropout: 0.0
  lr: 0.0005
  lr_scheduler: false
  num_warmup_steps: 3000
  optimizer: lamb
  lambda_weight_l2: 1.0e-06
  trans_loss_weight: 1.0
  rot_loss_weight: 1.0
  grip_loss_weight: 1.0
  collision_loss_weight: 1.0
  rotation_resolution: 5
  activation: lrelu
  norm: None
  crop_augmentation: true
  transform_augmentation:
    apply_se3: true
    aug_xyz:
    - 0.125
    - 0.125
    - 0.125
    aug_rpy:
    - 0.0
    - 0.0
    - 45.0
    aug_rot_resolution: ${method.rotation_resolution}
  demo_augmentation: true
  demo_augmentation_every_n: 10
  no_skip_connection: false
  no_perceiver: false
  no_language: false
  keypoint_method: heuristic

[2026-05-13 14:01:42,068][root][INFO] - CWD:/home/tappei-m/Project/AnyBimanual_logs/debug_test/PERACT_BC
[2026-05-13 14:01:42,068][root][INFO] - Starting seed 0.
[05/13/26 14:01:43] INFO     INFO:root:Using method    agent_factory.py:23
                             PERACT_BC with type                          
                             leader_follower                              
/home/tappei-m/Project/AnyBimanual_replay/bimanual_pick_laptop
No replay files found. Creating replay...
[05/13/26 14:01:44] INFO     INFO:root:Creati uniform_replay_buffer.py:156
                             ng a                                         
                             TaskUniformRepla                             
                             yBuffer replay                               
                             memory with the                              
                             following                                    
                             parameters:                                  
                    INFO     INFO:root:       uniform_replay_buffer.py:159
                             timesteps: 1                                 
                    INFO     INFO:root:       uniform_replay_buffer.py:160
                             replay_capacity:                             
                             300000                                       
                    INFO     INFO:root:       uniform_replay_buffer.py:161
                             batch_size: 1                                
                    INFO     INFO:root:       uniform_replay_buffer.py:162
                             update_horizon:                              
                             1                                            
                    INFO     INFO:root:       uniform_replay_buffer.py:163
                             gamma: 0.990000                              
                    INFO     INFO:root:       uniform_replay_buffer.py:169
                             saving to disk:                              
                             /home/tappei-m/P                             
                             roject/AnyBimanu                             
                             al_replay/bimanu                             
                             al_pick_laptop                               
Found 7 keypoints. [49, 74, 83, 93, 98, 103, 126]
Found 7 keypoints. [80, 137, 146, 156, 161, 166, 189]
Found 7 keypoints. [53, 72, 82, 93, 98, 104, 128]
Found 7 keypoints. [81, 137, 147, 157, 161, 166, 188]
Found 7 keypoints. [87, 89, 97, 106, 111, 113, 175]
Found 7 keypoints. [80, 142, 152, 162, 166, 172, 193]
Found 7 keypoints. [68, 70, 79, 92, 97, 103, 152]
Found 7 keypoints. [48, 106, 116, 126, 131, 133, 176]
Found 7 keypoints. [75, 143, 153, 164, 168, 175, 195]
Found 7 keypoints. [52, 67, 77, 87, 93, 95, 119]
Found 7 keypoints. [55, 70, 79, 90, 94, 99, 120]
Found 9 keypoints. [41, 42, 68, 70, 83, 92, 97, 104, 224]
Found 7 keypoints. [88, 138, 147, 157, 161, 163, 187]
Found 7 keypoints. [76, 138, 148, 158, 162, 168, 189]
Found 7 keypoints. [58, 68, 78, 89, 93, 98, 119]
Found 7 keypoints. [54, 65, 78, 86, 91, 96, 117]
Found 7 keypoints. [55, 70, 80, 91, 95, 100, 122]
Found 7 keypoints. [81, 137, 147, 157, 162, 165, 189]
Found 7 keypoints. [56, 92, 103, 113, 119, 121, 154]
Found 7 keypoints. [57, 66, 77, 88, 98, 100, 121]
[05/13/26 14:03:23] INFO     INFO:root:# qattention_peract_bc_agent.py:315
                             Q Params:                                    
                             44677231                                     
                    INFO     INFO:root:# qattention_peract_bc_agent.py:315
                             Q Params:                                    
                             44677743                                     
loaded weights from /home/tappei-m/Project/AnyBimanual_checkpoints/PERACT_BC/checkpoint_peract_bc_leader_layer_0.pt
loaded weights from /home/tappei-m/Project/AnyBimanual_checkpoints/PERACT_BC/checkpoint_peract_bc_follower_layer_0.pt
-----------------Loading Success Pre-trained Model----------------------
                    INFO     INFO:root:Loading offline_train_runner.py:128
                             Success                                      
                             Pre-trained Model                            
/home/tappei-m/Project/AnyBimanual/agents/peract_bc/qattention_peract_bc_agent.py:863: FutureWarning: You are using `torch.load` with `weights_only=False` (the current default value), which uses the default pickle module implicitly. It is possible to construct malicious pickle data which will execute arbitrary code during unpickling (See https://github.com/pytorch/pytorch/blob/main/SECURITY.md#untrusted-models for more details). In a future release, the default value for `weights_only` will be flipped to `True`. This limits the functions that could be executed during unpickling. Arbitrary objects will no longer be allowed to be loaded via this mode unless they are explicitly allowlisted by the user via `torch.serialization.add_safe_globals`. We recommend you start setting `weights_only=True` for any use case where you don't have full control of the loaded file. Please open an issue on GitHub for any issues related to this experimental feature.
  state_dict = torch.load(weight_file, map_location=device)
  0%|          | 0/5 [00:00<?, ?it/s]right_arm_predict: tensor([45, 40, 35], device='cuda:0')
right_gt: tensor([44, 40, 34], device='cuda:0')
Saved /home/tappei-m/Project/AnyBimanual_logs/debug_test/PERACT_BC/recon/0_rgb.png locally
left_arm_predict: tensor([71, 50, 36], device='cuda:0')
left_gt: tensor([59, 60, 35], device='cuda:0')
Saved /home/tappei-m/Project/AnyBimanual_logs/debug_test/PERACT_BC/recon/0_rgb.png locally
right_arm_predict: tensor([79, 58, 23], device='cuda:0')
right_gt: tensor([76, 72, 42], device='cuda:0')
Saved /home/tappei-m/Project/AnyBimanual_logs/debug_test/PERACT_BC/recon/1_rgb.png locally
left_arm_predict: tensor([76, 67, 35], device='cuda:0')
left_gt: tensor([62, 51, 33], device='cuda:0')
Saved /home/tappei-m/Project/AnyBimanual_logs/debug_test/PERACT_BC/recon/1_rgb.png locally
[05/13/26 14:03:30] INFO     INFO:root:Train   offline_train_runner.py:177
                             Step 000001 |                                
                             Loss: 419.39828 |                            
                             Sample time:                                 
                             0.010190 | Step                              
                             time: 3.0270.                                
right_arm_predict: tensor([61, 33, 18], device='cuda:0')
right_gt: tensor([58, 24, 43], device='cuda:0')
Saved /home/tappei-m/Project/AnyBimanual_logs/debug_test/PERACT_BC/recon/2_rgb.png locally
left_arm_predict: tensor([48, 32, 46], device='cuda:0')
left_gt: tensor([38, 56, 31], device='cuda:0')
Saved /home/tappei-m/Project/AnyBimanual_logs/debug_test/PERACT_BC/recon/2_rgb.png locally
[05/13/26 14:03:33] INFO     INFO:root:Train   offline_train_runner.py:177
                             Step 000002 |                                
                             Loss: 321.44812 |                            
                             Sample time:                                 
                             0.006970 | Step                              
                             time: 2.9822.                                
 60%|██████    | 3/5 [00:10<00:06,  3.49s/it]right_arm_predict: tensor([47, 24, 29], device='cuda:0')
right_gt: tensor([54, 14, 31], device='cuda:0')
Saved /home/tappei-m/Project/AnyBimanual_logs/debug_test/PERACT_BC/recon/3_rgb.png locally
left_arm_predict: tensor([65, 49, 14], device='cuda:0')
left_gt: tensor([50, 35, 15], device='cuda:0')
Saved /home/tappei-m/Project/AnyBimanual_logs/debug_test/PERACT_BC/recon/3_rgb.png locally
[05/13/26 14:03:36] INFO     INFO:root:Train   offline_train_runner.py:177
                             Step 000003 |                                
                             Loss: 379.19299 |                            
                             Sample time:                                 
                             0.007190 | Step                              
                             time: 2.9927.                                
right_arm_predict: tensor([84, 45, 29], device='cuda:0')
right_gt: tensor([78, 49, 29], device='cuda:0')
Saved /home/tappei-m/Project/AnyBimanual_logs/debug_test/PERACT_BC/recon/4_rgb.png locally
left_arm_predict: tensor([70, 52, 13], device='cuda:0')
left_gt: tensor([62, 35, 12], device='cuda:0')
Saved /home/tappei-m/Project/AnyBimanual_logs/debug_test/PERACT_BC/recon/4_rgb.png locally
[05/13/26 14:03:40] INFO     INFO:root:Train   offline_train_runner.py:177
                             Step 000004 |                                
                             Loss: 408.42151 |                            
                             Sample time:                                 
                             0.008491 | Step                              
                             time: 2.8740.                                
100%|██████████| 5/5 [00:16<00:00,  3.33s/it]                    INFO     INFO:root:Stoppin offline_train_runner.py:187
                             g envs ...                                   

